<?xml version="1.0" encoding="UTF-8"?>
<testng-results skipped="0" failed="0" total="1" passed="1">
  <reporter-output>
  </reporter-output>
  <suite name="com.seleniumnew.headlesschrome.AppTest" duration-ms="21" started-at="2019-01-07T11:14:16Z" finished-at="2019-01-07T11:14:16Z">
    <groups>
    </groups>
    <test name="Command line test" duration-ms="21" started-at="2019-01-07T11:14:16Z" finished-at="2019-01-07T11:14:16Z">
      <class name="com.seleniumnew.headlesschrome.AppTest">
        <test-method status="PASS" signature="testApp()[pri:0, instance:com.seleniumnew.headlesschrome.AppTest@22f71333]" name="testApp" duration-ms="9" started-at="2019-01-07T16:44:16Z" finished-at="2019-01-07T16:44:16Z">
          <reporter-output>
          </reporter-output>
        </test-method> <!-- testApp -->
      </class> <!-- com.seleniumnew.headlesschrome.AppTest -->
    </test> <!-- Command line test -->
  </suite> <!-- com.seleniumnew.headlesschrome.AppTest -->
</testng-results>
