<?xml version="1.0" encoding="UTF-8"?>
<testng-results skipped="0" failed="0" total="2" passed="2">
  <reporter-output>
  </reporter-output>
  <suite name="Default suite" duration-ms="3890" started-at="2019-01-07T09:34:28Z" finished-at="2019-01-07T09:34:32Z">
    <groups>
    </groups>
    <test name="Default test" duration-ms="3890" started-at="2019-01-07T09:34:28Z" finished-at="2019-01-07T09:34:32Z">
      <class name="com.seleniumnew.headlesschrome.testing">
        <test-method status="PASS" signature="sampletest()[pri:0, instance:com.seleniumnew.headlesschrome.testing@6093dd95]" name="sampletest" duration-ms="3857" started-at="2019-01-07T15:04:28Z" finished-at="2019-01-07T15:04:32Z">
          <reporter-output>
          </reporter-output>
        </test-method> <!-- sampletest -->
      </class> <!-- com.seleniumnew.headlesschrome.testing -->
      <class name="com.seleniumnew.headlesschrome.AppTest">
        <test-method status="PASS" signature="testApp()[pri:0, instance:com.seleniumnew.headlesschrome.AppTest@27efef64]" name="testApp" duration-ms="4" started-at="2019-01-07T15:04:32Z" finished-at="2019-01-07T15:04:32Z">
          <reporter-output>
          </reporter-output>
        </test-method> <!-- testApp -->
      </class> <!-- com.seleniumnew.headlesschrome.AppTest -->
    </test> <!-- Default test -->
  </suite> <!-- Default suite -->
</testng-results>
